C:\USERS\LENOVO\DESKTOP\LAB_WORKS\Л и ОА в ИЗ\LAB_7\LABA7\DEBUG\LABA7.EXE
C:\USERS\LENOVO\DESKTOP\LAB_WORKS\Л и ОА в ИЗ\LAB_7\LABA7\DEBUG\LABA7.ILK
C:\USERS\LENOVO\DESKTOP\LAB_WORKS\Л И ОА В ИЗ\LAB_7\LABA7\DEBUG\LABA7.PDB
C:\Users\Lenovo\Desktop\Lab_works\Л и ОА в ИЗ\Lab_7\laba7\laba7\Debug\cl.command.1.tlog
C:\Users\Lenovo\Desktop\Lab_works\Л и ОА в ИЗ\Lab_7\laba7\laba7\Debug\CL.read.1.tlog
C:\Users\Lenovo\Desktop\Lab_works\Л и ОА в ИЗ\Lab_7\laba7\laba7\Debug\CL.write.1.tlog
C:\USERS\LENOVO\DESKTOP\LAB_WORKS\Л и ОА в ИЗ\LAB_7\LABA7\LABA7\DEBUG\LABA7.EXE.EMBED.MANIFEST
C:\USERS\LENOVO\DESKTOP\LAB_WORKS\Л и ОА в ИЗ\LAB_7\LABA7\LABA7\DEBUG\LABA7.EXE.EMBED.MANIFEST.RES
C:\USERS\LENOVO\DESKTOP\LAB_WORKS\Л и ОА в ИЗ\LAB_7\LABA7\LABA7\DEBUG\LABA7.EXE.INTERMEDIATE.MANIFEST
C:\USERS\LENOVO\DESKTOP\LAB_WORKS\Л и ОА в ИЗ\LAB_7\LABA7\LABA7\DEBUG\LABA7.OBJ
C:\USERS\LENOVO\DESKTOP\LAB_WORKS\Л и ОА в ИЗ\LAB_7\LABA7\LABA7\DEBUG\LABA7.PCH
C:\Users\Lenovo\Desktop\Lab_works\Л и ОА в ИЗ\Lab_7\laba7\laba7\Debug\laba7.write.1.tlog
C:\Users\Lenovo\Desktop\Lab_works\Л и ОА в ИЗ\Lab_7\laba7\laba7\Debug\laba7_manifest.rc
C:\Users\Lenovo\Desktop\Lab_works\Л и ОА в ИЗ\Lab_7\laba7\laba7\Debug\link.11864.read.1.tlog
C:\Users\Lenovo\Desktop\Lab_works\Л и ОА в ИЗ\Lab_7\laba7\laba7\Debug\link.11864.write.1.tlog
C:\Users\Lenovo\Desktop\Lab_works\Л и ОА в ИЗ\Lab_7\laba7\laba7\Debug\link.11864-cvtres.read.1.tlog
C:\Users\Lenovo\Desktop\Lab_works\Л и ОА в ИЗ\Lab_7\laba7\laba7\Debug\link.11864-cvtres.write.1.tlog
C:\Users\Lenovo\Desktop\Lab_works\Л и ОА в ИЗ\Lab_7\laba7\laba7\Debug\link.command.1.tlog
C:\Users\Lenovo\Desktop\Lab_works\Л и ОА в ИЗ\Lab_7\laba7\laba7\Debug\link.read.1.tlog
C:\Users\Lenovo\Desktop\Lab_works\Л и ОА в ИЗ\Lab_7\laba7\laba7\Debug\link.write.1.tlog
C:\Users\Lenovo\Desktop\Lab_works\Л и ОА в ИЗ\Lab_7\laba7\laba7\Debug\link-cvtres.read.1.tlog
C:\Users\Lenovo\Desktop\Lab_works\Л и ОА в ИЗ\Lab_7\laba7\laba7\Debug\link-cvtres.write.1.tlog
C:\Users\Lenovo\Desktop\Lab_works\Л и ОА в ИЗ\Lab_7\laba7\laba7\Debug\mt.command.1.tlog
C:\Users\Lenovo\Desktop\Lab_works\Л и ОА в ИЗ\Lab_7\laba7\laba7\Debug\mt.read.1.tlog
C:\Users\Lenovo\Desktop\Lab_works\Л и ОА в ИЗ\Lab_7\laba7\laba7\Debug\mt.write.1.tlog
C:\Users\Lenovo\Desktop\Lab_works\Л и ОА в ИЗ\Lab_7\laba7\laba7\Debug\rc.command.1.tlog
C:\Users\Lenovo\Desktop\Lab_works\Л и ОА в ИЗ\Lab_7\laba7\laba7\Debug\rc.read.1.tlog
C:\Users\Lenovo\Desktop\Lab_works\Л и ОА в ИЗ\Lab_7\laba7\laba7\Debug\rc.write.1.tlog
C:\USERS\LENOVO\DESKTOP\LAB_WORKS\Л и ОА в ИЗ\LAB_7\LABA7\LABA7\DEBUG\STDAFX.OBJ
C:\Users\Lenovo\Desktop\Lab_works\Л и ОА в ИЗ\Lab_7\laba7\laba7\Debug\vc100.idb
C:\USERS\LENOVO\DESKTOP\LAB_WORKS\Л И ОА В ИЗ\LAB_7\LABA7\LABA7\DEBUG\VC100.PDB
